[10-02-2025 17:57:01.349 INFO SignUp.SignUpFlowTest] - Step 01: Get email in yopmail
[10-02-2025 17:57:08.467 INFO SignUp.SignUpFlowTest] - Step 02: Switch to homepage
[10-02-2025 17:57:13.124 INFO SignUp.SignUpFlowTest] - Step 03: Input to Email
[10-02-2025 17:57:13.763 INFO SignUp.SignUpFlowTest] - Step 04: Input to Full Name
[10-02-2025 17:57:13.855 INFO SignUp.SignUpFlowTest] - Step 05: Input to phone number
[10-02-2025 17:57:13.933 INFO SignUp.SignUpFlowTest] - Step 06: Input to Password
[10-02-2025 17:57:14.010 INFO SignUp.SignUpFlowTest] - Step 07: Input to Confirm Password
[10-02-2025 17:57:14.089 INFO SignUp.SignUpFlowTest] - Step 08: Click to Register button
[10-02-2025 17:57:14.176 INFO SignUp.SignUpFlowTest] - Step 09: Verify message register successfully
[10-02-2025 17:57:14.759 INFO SignUp.SignUpFlowTest] - ----------PASSED----------
[10-02-2025 17:57:14.759 INFO SignUp.SignUpFlowTest] - Step 10: Switch to yopmail
[10-02-2025 17:57:16.471 INFO SignUp.SignUpFlowTest] - Step 11: Click to refresh button
[10-02-2025 17:57:27.254 INFO SignUp.SignUpFlowTest] - Step 12: Click to confirm account button
[10-02-2025 17:57:39.412 INFO SignUp.SignUpFlowTest] - Step 13: Switch window tab
[10-02-2025 17:57:39.460 INFO SignUp.SignUpFlowTest] - Step 14: Verify current url
[10-02-2025 17:57:39.474 INFO SignUp.SignUpFlowTest] - ----------PASSED----------
[10-02-2025 17:57:39.646 INFO SignUp.SignUpFlowTest] - Step 01: Get email in yopmail
[10-02-2025 17:57:42.358 INFO SignUp.SignUpFlowTest] - Step 02: Switch to homepage
[10-02-2025 17:57:50.931 INFO SignUp.SignUpFlowTest] - Step 03: Input to Email
[10-02-2025 17:57:51.559 INFO SignUp.SignUpFlowTest] - Step 04: Input to Full Name
[10-02-2025 17:57:51.648 INFO SignUp.SignUpFlowTest] - Step 05: Input to phone number
[10-02-2025 17:57:51.717 INFO SignUp.SignUpFlowTest] - Step 06: Input to Password
[10-02-2025 17:57:51.787 INFO SignUp.SignUpFlowTest] - Step 07: Input to Confirm Password
[10-02-2025 17:57:51.864 INFO SignUp.SignUpFlowTest] - Step 08: Click to Register button
[10-02-2025 17:57:51.942 INFO SignUp.SignUpFlowTest] - Step 09: Verify message register successfully
[10-02-2025 17:57:52.580 INFO SignUp.SignUpFlowTest] - ----------PASSED----------
[10-02-2025 17:57:52.580 INFO SignUp.SignUpFlowTest] - Step 10: Switch to yopmail
[10-02-2025 17:57:54.073 INFO SignUp.SignUpFlowTest] - Step 11: Click to refresh button
[10-02-2025 17:58:01.455 INFO SignUp.SignUpFlowTest] - Step 12: Click to confirm account button
[10-02-2025 17:58:13.627 INFO SignUp.SignUpFlowTest] - Step 13: Switch window tab
[10-02-2025 17:58:13.707 INFO SignUp.SignUpFlowTest] - Step 14: Verify current url
[10-02-2025 17:58:13.720 INFO SignUp.SignUpFlowTest] - ----------PASSED----------
[10-02-2025 17:58:13.739 INFO SignUp.SignUpFlowTest] - Step 01: Get email in yopmail
[10-02-2025 17:58:15.714 INFO SignUp.SignUpFlowTest] - Step 02: Switch to homepage
[10-02-2025 17:58:24.185 INFO SignUp.SignUpFlowTest] - Step 03: Input to Email
[10-02-2025 17:58:24.815 INFO SignUp.SignUpFlowTest] - Step 04: Input to Full Name
[10-02-2025 17:58:24.906 INFO SignUp.SignUpFlowTest] - Step 05: Input to phone number
[10-02-2025 17:58:24.972 INFO SignUp.SignUpFlowTest] - Step 06: Input to Password
[10-02-2025 17:58:25.040 INFO SignUp.SignUpFlowTest] - Step 07: Input to Confirm Password
[10-02-2025 17:58:25.107 INFO SignUp.SignUpFlowTest] - Step 08: Click to Register button
[10-02-2025 17:58:25.178 INFO SignUp.SignUpFlowTest] - Step 09: Verify message register successfully
[10-02-2025 17:58:25.814 INFO SignUp.SignUpFlowTest] - ----------PASSED----------
[10-02-2025 17:58:25.814 INFO SignUp.SignUpFlowTest] - Step 10: Switch to yopmail
[10-02-2025 17:58:27.692 INFO SignUp.SignUpFlowTest] - Step 11: Click to refresh button
[10-02-2025 17:58:33.602 INFO SignUp.SignUpFlowTest] - Step 12: Click to confirm account button
[10-02-2025 17:58:45.762 INFO SignUp.SignUpFlowTest] - Step 13: Switch window tab
[10-02-2025 17:58:45.869 INFO SignUp.SignUpFlowTest] - Step 14: Verify current url
[10-02-2025 17:58:45.886 INFO SignUp.SignUpFlowTest] - ----------PASSED----------
[10-02-2025 17:58:45.905 INFO SignUp.SignUpFlowTest] - Step 01: Click Login Link
[10-02-2025 17:59:19.563 INFO SignUp.SignUpFlowTest] - Step 01: Click Login Link
[10-02-2025 17:59:53.185 INFO SignUp.SignUpFlowTest] - Step 01: Click Login Link
[10-02-2025 18:00:26.821 INFO SignUp.SignUpFlowTest] - OS name = d:\automation\register-toeic-exam\nopcommerce
[10-02-2025 18:00:26.821 INFO SignUp.SignUpFlowTest] - Driver instance name = chromedriver: chrome on windows (2ae2ff3c1345ef86825415c38eaaa6a9)
